Started GET "/" for ::1 at 2017-03-31 09:44:26 -0500
Processing by Rails::WelcomeController#index as HTML
  Parameters: {"internal"=>true}
  Rendering /home/aaron/.gem/ruby/2.4.0/gems/railties-5.0.2/lib/rails/templates/rails/welcome/index.html.erb
  Rendered /home/aaron/.gem/ruby/2.4.0/gems/railties-5.0.2/lib/rails/templates/rails/welcome/index.html.erb (4.4ms)
Completed 200 OK in 19ms (Views: 10.7ms | ActiveRecord: 0.0ms)


  [1m[35m (6.2ms)[0m  [1m[35mCREATE TABLE "schema_migrations" ("version" varchar NOT NULL PRIMARY KEY)[0m
  [1m[35m (4.5ms)[0m  [1m[35mCREATE TABLE "ar_internal_metadata" ("key" varchar NOT NULL PRIMARY KEY, "value" varchar, "created_at" datetime NOT NULL, "updated_at" datetime NOT NULL)[0m
  [1m[36mActiveRecord::SchemaMigration Load (0.1ms)[0m  [1m[34mSELECT "schema_migrations".* FROM "schema_migrations"[0m
Migrating to CreatePractitioners (20170405163432)
  [1m[35m (0.1ms)[0m  [1m[36mbegin transaction[0m
  [1m[35m (0.3ms)[0m  [1m[35mCREATE TABLE "practitioners" ("id" INTEGER PRIMARY KEY AUTOINCREMENT NOT NULL, "name" varchar, "company" varchar, "title" varchar, "has_won" boolean, "created_at" datetime NOT NULL, "updated_at" datetime NOT NULL)[0m
  [1m[35mSQL (0.2ms)[0m  [1m[32mINSERT INTO "schema_migrations" ("version") VALUES (?)[0m  [["version", "20170405163432"]]
  [1m[35m (4.1ms)[0m  [1m[36mcommit transaction[0m
  [1m[36mActiveRecord::InternalMetadata Load (0.1ms)[0m  [1m[34mSELECT  "ar_internal_metadata".* FROM "ar_internal_metadata" WHERE "ar_internal_metadata"."key" = ? LIMIT ?[0m  [["key", :environment], ["LIMIT", 1]]
  [1m[35m (0.1ms)[0m  [1m[36mbegin transaction[0m
  [1m[35mSQL (0.2ms)[0m  [1m[32mINSERT INTO "ar_internal_metadata" ("key", "value", "created_at", "updated_at") VALUES (?, ?, ?, ?)[0m  [["key", "environment"], ["value", "development"], ["created_at", 2017-04-05 16:35:47 UTC], ["updated_at", 2017-04-05 16:35:47 UTC]]
  [1m[35m (3.4ms)[0m  [1m[36mcommit transaction[0m
  [1m[36mActiveRecord::SchemaMigration Load (0.1ms)[0m  [1m[34mSELECT "schema_migrations".* FROM "schema_migrations"[0m
Started GET "/" for ::1 at 2017-04-05 11:36:01 -0500
  [1m[36mActiveRecord::SchemaMigration Load (0.1ms)[0m  [1m[34mSELECT "schema_migrations".* FROM "schema_migrations"[0m
Processing by Rails::WelcomeController#index as HTML
  Parameters: {"internal"=>true}
  Rendering /home/aaron/.gem/ruby/2.4.0/gems/railties-5.0.2/lib/rails/templates/rails/welcome/index.html.erb
  Rendered /home/aaron/.gem/ruby/2.4.0/gems/railties-5.0.2/lib/rails/templates/rails/welcome/index.html.erb (2.8ms)
Completed 200 OK in 16ms (Views: 6.5ms | ActiveRecord: 0.0ms)


Started GET "/practitioners" for ::1 at 2017-04-05 11:36:09 -0500
Processing by PractitionersController#index as HTML
  Rendering practitioners/index.html.erb within layouts/application
  [1m[36mPractitioner Load (0.2ms)[0m  [1m[34mSELECT "practitioners".* FROM "practitioners"[0m
  Rendered practitioners/index.html.erb within layouts/application (7.4ms)
Completed 200 OK in 421ms (Views: 416.8ms | ActiveRecord: 0.4ms)


Started GET "/practitioners/new" for ::1 at 2017-04-05 11:36:12 -0500
Processing by PractitionersController#new as HTML
  Rendering practitioners/new.html.erb within layouts/application
  Rendered practitioners/_form.html.erb (18.4ms)
  Rendered practitioners/new.html.erb within layouts/application (19.6ms)
Completed 200 OK in 44ms (Views: 37.5ms | ActiveRecord: 0.4ms)


Started POST "/practitioners" for ::1 at 2017-04-05 11:36:24 -0500
Processing by PractitionersController#create as HTML
  Parameters: {"utf8"=>"✓", "authenticity_token"=>"Vdgp7+3+HSx7Fofm+FOBPsxxWFNqcrW3//PJtLUvsaT9DymNLNTJRrhAiatlQvxNOfblaLo1sraAwlj8PFth8Q==", "practitioner"=>{"name"=>"test1", "company"=>"some company", "title"=>"some title", "has_won"=>"0"}, "commit"=>"Create Practitioner"}
  [1m[35m (0.1ms)[0m  [1m[36mbegin transaction[0m
  [1m[35mSQL (0.4ms)[0m  [1m[32mINSERT INTO "practitioners" ("name", "company", "title", "has_won", "created_at", "updated_at") VALUES (?, ?, ?, ?, ?, ?)[0m  [["name", "test1"], ["company", "some company"], ["title", "some title"], ["has_won", false], ["created_at", 2017-04-05 16:36:24 UTC], ["updated_at", 2017-04-05 16:36:24 UTC]]
  [1m[35m (3.3ms)[0m  [1m[36mcommit transaction[0m
Redirected to http://localhost:3000/practitioners/1
Completed 302 Found in 9ms (ActiveRecord: 3.8ms)


Started GET "/practitioners/1" for ::1 at 2017-04-05 11:36:24 -0500
Processing by PractitionersController#show as HTML
  Parameters: {"id"=>"1"}
  [1m[36mPractitioner Load (0.3ms)[0m  [1m[34mSELECT  "practitioners".* FROM "practitioners" WHERE "practitioners"."id" = ? LIMIT ?[0m  [["id", 1], ["LIMIT", 1]]
  Rendering practitioners/show.html.erb within layouts/application
  Rendered practitioners/show.html.erb within layouts/application (1.1ms)
Completed 200 OK in 26ms (Views: 21.5ms | ActiveRecord: 0.3ms)


Started GET "/practitioners" for ::1 at 2017-04-05 11:36:26 -0500
Processing by PractitionersController#index as HTML
  Rendering practitioners/index.html.erb within layouts/application
  [1m[36mPractitioner Load (0.2ms)[0m  [1m[34mSELECT "practitioners".* FROM "practitioners"[0m
  Rendered practitioners/index.html.erb within layouts/application (1.9ms)
Completed 200 OK in 22ms (Views: 20.7ms | ActiveRecord: 0.2ms)


  [1m[36mActiveRecord::SchemaMigration Load (0.2ms)[0m  [1m[34mSELECT "schema_migrations".* FROM "schema_migrations"[0m
Migrating to CreateSponsors (20170405163707)
  [1m[35m (0.1ms)[0m  [1m[36mbegin transaction[0m
  [1m[35m (1.0ms)[0m  [1m[35mCREATE TABLE "sponsors" ("id" INTEGER PRIMARY KEY AUTOINCREMENT NOT NULL, "name" varchar, "prizes" integer, "has_won" boolean, "created_at" datetime NOT NULL, "updated_at" datetime NOT NULL)[0m
  [1m[35mSQL (0.2ms)[0m  [1m[32mINSERT INTO "schema_migrations" ("version") VALUES (?)[0m  [["version", "20170405163707"]]
  [1m[35m (7.7ms)[0m  [1m[36mcommit transaction[0m
  [1m[36mActiveRecord::InternalMetadata Load (0.2ms)[0m  [1m[34mSELECT  "ar_internal_metadata".* FROM "ar_internal_metadata" WHERE "ar_internal_metadata"."key" = ? LIMIT ?[0m  [["key", :environment], ["LIMIT", 1]]
  [1m[35m (0.1ms)[0m  [1m[36mbegin transaction[0m
  [1m[35m (0.0ms)[0m  [1m[36mcommit transaction[0m
  [1m[36mActiveRecord::SchemaMigration Load (0.1ms)[0m  [1m[34mSELECT "schema_migrations".* FROM "schema_migrations"[0m
Started GET "/sponsors" for ::1 at 2017-04-05 11:37:27 -0500
  [1m[36mActiveRecord::SchemaMigration Load (0.2ms)[0m  [1m[34mSELECT "schema_migrations".* FROM "schema_migrations"[0m
Processing by SponsorsController#index as HTML
  Rendering sponsors/index.html.erb within layouts/application
  [1m[36mSponsor Load (0.1ms)[0m  [1m[34mSELECT "sponsors".* FROM "sponsors"[0m
  Rendered sponsors/index.html.erb within layouts/application (5.0ms)
Completed 200 OK in 293ms (Views: 275.1ms | ActiveRecord: 0.3ms)


Started GET "/sponsors/new" for ::1 at 2017-04-05 11:37:29 -0500
Processing by SponsorsController#new as HTML
  Rendering sponsors/new.html.erb within layouts/application
  Rendered sponsors/_form.html.erb (25.8ms)
  Rendered sponsors/new.html.erb within layouts/application (27.3ms)
Completed 200 OK in 60ms (Views: 52.0ms | ActiveRecord: 0.5ms)


Started GET "/sponsors/new" for ::1 at 2017-04-05 11:45:38 -0500
  [1m[36mActiveRecord::SchemaMigration Load (0.1ms)[0m  [1m[34mSELECT "schema_migrations".* FROM "schema_migrations"[0m
Processing by SponsorsController#new as HTML
  Rendering sponsors/new.html.erb within layouts/application
  Rendered sponsors/_form.html.erb (14.8ms)
  Rendered sponsors/new.html.erb within layouts/application (16.2ms)
Completed 200 OK in 201ms (Views: 178.3ms | ActiveRecord: 0.5ms)


Started POST "/sponsors" for ::1 at 2017-04-05 11:45:45 -0500
Processing by SponsorsController#create as HTML
  Parameters: {"utf8"=>"✓", "authenticity_token"=>"BFqx2RS+0M0Kc8Kgatb8orca5rAYlmuKdJU6Lenyc9EF8iOWj1T+UazpwSK6D4brMMyGXcuOsM2E6SzepHJ/DQ==", "sponsor"=>{"name"=>"test", "prizes"=>"-1", "has_won"=>"0"}, "commit"=>"Create Sponsor"}
  [1m[35m (0.4ms)[0m  [1m[36mbegin transaction[0m
  [1m[35mSQL (0.5ms)[0m  [1m[32mINSERT INTO "sponsors" ("name", "prizes", "has_won", "created_at", "updated_at") VALUES (?, ?, ?, ?, ?)[0m  [["name", "test"], ["prizes", -1], ["has_won", false], ["created_at", 2017-04-05 16:45:45 UTC], ["updated_at", 2017-04-05 16:45:45 UTC]]
  [1m[35m (3.3ms)[0m  [1m[36mcommit transaction[0m
Redirected to http://localhost:3000/sponsors/1
Completed 302 Found in 11ms (ActiveRecord: 4.2ms)


Started GET "/sponsors/1" for ::1 at 2017-04-05 11:45:45 -0500
Processing by SponsorsController#show as HTML
  Parameters: {"id"=>"1"}
  [1m[36mSponsor Load (0.3ms)[0m  [1m[34mSELECT  "sponsors".* FROM "sponsors" WHERE "sponsors"."id" = ? LIMIT ?[0m  [["id", 1], ["LIMIT", 1]]
  Rendering sponsors/show.html.erb within layouts/application
  Rendered sponsors/show.html.erb within layouts/application (0.7ms)
Completed 200 OK in 19ms (Views: 15.6ms | ActiveRecord: 0.3ms)


Started GET "/sponsors" for ::1 at 2017-04-05 11:48:16 -0500
  [1m[36mActiveRecord::SchemaMigration Load (0.2ms)[0m  [1m[34mSELECT "schema_migrations".* FROM "schema_migrations"[0m
Processing by SponsorsController#index as HTML
  Rendering sponsors/index.html.erb within layouts/application
  [1m[36mSponsor Load (0.2ms)[0m  [1m[34mSELECT "sponsors".* FROM "sponsors"[0m
  Rendered sponsors/index.html.erb within layouts/application (9.5ms)
Completed 200 OK in 197ms (Views: 177.1ms | ActiveRecord: 0.6ms)


Started DELETE "/sponsors/1" for ::1 at 2017-04-05 11:48:21 -0500
Processing by SponsorsController#destroy as HTML
  Parameters: {"authenticity_token"=>"CdLASPIdxaqJZ9kT5SBwKyCaTv1TvuyQZPxpEpbMSp4IelIHaffrNi/92pE1+Qpip0wuEICmN9eUgH/h20xGQg==", "id"=>"1"}
  [1m[36mSponsor Load (0.6ms)[0m  [1m[34mSELECT  "sponsors".* FROM "sponsors" WHERE "sponsors"."id" = ? LIMIT ?[0m  [["id", 1], ["LIMIT", 1]]
  [1m[35m (0.1ms)[0m  [1m[36mbegin transaction[0m
  [1m[35mSQL (1.3ms)[0m  [1m[31mDELETE FROM "sponsors" WHERE "sponsors"."id" = ?[0m  [["id", 1]]
  [1m[35m (7.7ms)[0m  [1m[36mcommit transaction[0m
Redirected to http://localhost:3000/sponsors
Completed 302 Found in 19ms (ActiveRecord: 9.7ms)


Started GET "/sponsors" for ::1 at 2017-04-05 11:48:21 -0500
Processing by SponsorsController#index as HTML
  Rendering sponsors/index.html.erb within layouts/application
  [1m[36mSponsor Load (0.1ms)[0m  [1m[34mSELECT "sponsors".* FROM "sponsors"[0m
  Rendered sponsors/index.html.erb within layouts/application (1.3ms)
Completed 200 OK in 20ms (Views: 18.8ms | ActiveRecord: 0.1ms)


Started GET "/sponsors/new" for ::1 at 2017-04-05 11:48:22 -0500
Processing by SponsorsController#new as HTML
  Rendering sponsors/new.html.erb within layouts/application
  Rendered sponsors/_form.html.erb (20.3ms)
  Rendered sponsors/new.html.erb within layouts/application (21.8ms)
Completed 200 OK in 43ms (Views: 41.8ms | ActiveRecord: 0.0ms)


Started POST "/sponsors" for ::1 at 2017-04-05 11:48:26 -0500
Processing by SponsorsController#create as HTML
  Parameters: {"utf8"=>"✓", "authenticity_token"=>"Nnsc9Wl1osTtwe2VO25CyN+mHIq3DIu9gMcRxtSHFZh2nyncXNkGCESkcop8uII3ZVC9OGwCSh1VtWJRpVH9Vw==", "sponsor"=>{"name"=>"", "prizes"=>"-1", "has_won"=>"0"}, "commit"=>"Create Sponsor"}
  [1m[35m (0.1ms)[0m  [1m[36mbegin transaction[0m
  [1m[35m (0.1ms)[0m  [1m[31mrollback transaction[0m
  Rendering sponsors/new.html.erb within layouts/application
  Rendered sponsors/_form.html.erb (3.1ms)
  Rendered sponsors/new.html.erb within layouts/application (4.2ms)
Completed 200 OK in 28ms (Views: 24.2ms | ActiveRecord: 0.2ms)


  [1m[36mActiveRecord::SchemaMigration Load (0.2ms)[0m  [1m[34mSELECT "schema_migrations".* FROM "schema_migrations"[0m
Migrating to AddIsPresentToPractitioner (20170406141317)
  [1m[35m (0.1ms)[0m  [1m[36mbegin transaction[0m
  [1m[35m (0.8ms)[0m  [1m[35mALTER TABLE "practitioners" ADD "is_present" boolean[0m
  [1m[35mSQL (0.2ms)[0m  [1m[32mINSERT INTO "schema_migrations" ("version") VALUES (?)[0m  [["version", "20170406141317"]]
  [1m[35m (3.0ms)[0m  [1m[36mcommit transaction[0m
  [1m[36mActiveRecord::InternalMetadata Load (0.1ms)[0m  [1m[34mSELECT  "ar_internal_metadata".* FROM "ar_internal_metadata" WHERE "ar_internal_metadata"."key" = ? LIMIT ?[0m  [["key", :environment], ["LIMIT", 1]]
  [1m[35m (0.0ms)[0m  [1m[36mbegin transaction[0m
  [1m[35m (0.0ms)[0m  [1m[36mcommit transaction[0m
  [1m[36mActiveRecord::SchemaMigration Load (0.1ms)[0m  [1m[34mSELECT "schema_migrations".* FROM "schema_migrations"[0m
Started GET "/" for ::1 at 2017-04-06 09:13:40 -0500
  [1m[36mActiveRecord::SchemaMigration Load (0.1ms)[0m  [1m[34mSELECT "schema_migrations".* FROM "schema_migrations"[0m
Processing by Rails::WelcomeController#index as HTML
  Parameters: {"internal"=>true}
  Rendering /home/aaron/.gem/ruby/2.4.0/gems/railties-5.0.2/lib/rails/templates/rails/welcome/index.html.erb
  Rendered /home/aaron/.gem/ruby/2.4.0/gems/railties-5.0.2/lib/rails/templates/rails/welcome/index.html.erb (3.7ms)
Completed 200 OK in 20ms (Views: 7.5ms | ActiveRecord: 0.0ms)


Started GET "/practitioners" for ::1 at 2017-04-06 09:13:46 -0500
Processing by PractitionersController#index as HTML
Completed 500 Internal Server Error in 5ms (ActiveRecord: 0.0ms)


  
ArgumentError (Unknown validator: 'MessageValidator'):
  
app/models/practitioner.rb:2:in `<class:Practitioner>'
app/models/practitioner.rb:1:in `<top (required)>'
app/controllers/practitioners_controller.rb:7:in `index'
  Rendering /home/aaron/.gem/ruby/2.4.0/gems/actionpack-5.0.2/lib/action_dispatch/middleware/templates/rescues/diagnostics.html.erb within rescues/layout
  Rendering /home/aaron/.gem/ruby/2.4.0/gems/actionpack-5.0.2/lib/action_dispatch/middleware/templates/rescues/_source.html.erb
  Rendered /home/aaron/.gem/ruby/2.4.0/gems/actionpack-5.0.2/lib/action_dispatch/middleware/templates/rescues/_source.html.erb (3.4ms)
  Rendering /home/aaron/.gem/ruby/2.4.0/gems/actionpack-5.0.2/lib/action_dispatch/middleware/templates/rescues/_trace.html.erb
  Rendered /home/aaron/.gem/ruby/2.4.0/gems/actionpack-5.0.2/lib/action_dispatch/middleware/templates/rescues/_trace.html.erb (1.5ms)
  Rendering /home/aaron/.gem/ruby/2.4.0/gems/actionpack-5.0.2/lib/action_dispatch/middleware/templates/rescues/_request_and_response.html.erb
  Rendered /home/aaron/.gem/ruby/2.4.0/gems/actionpack-5.0.2/lib/action_dispatch/middleware/templates/rescues/_request_and_response.html.erb (0.6ms)
  Rendered /home/aaron/.gem/ruby/2.4.0/gems/actionpack-5.0.2/lib/action_dispatch/middleware/templates/rescues/diagnostics.html.erb within rescues/layout (21.9ms)
Started GET "/practitioners" for ::1 at 2017-04-06 09:18:24 -0500
  [1m[36mActiveRecord::SchemaMigration Load (0.1ms)[0m  [1m[34mSELECT "schema_migrations".* FROM "schema_migrations"[0m
Processing by PractitionersController#index as HTML
  Rendering practitioners/index.html.erb within layouts/application
  [1m[36mPractitioner Load (0.1ms)[0m  [1m[34mSELECT "practitioners".* FROM "practitioners"[0m
  Rendered practitioners/index.html.erb within layouts/application (9.4ms)
Completed 200 OK in 200ms (Views: 182.0ms | ActiveRecord: 0.5ms)


Started GET "/practitioners/new" for ::1 at 2017-04-06 09:18:33 -0500
Processing by PractitionersController#new as HTML
  Rendering practitioners/new.html.erb within layouts/application
  Rendered practitioners/_form.html.erb (16.9ms)
  Rendered practitioners/new.html.erb within layouts/application (18.6ms)
Completed 200 OK in 37ms (Views: 34.2ms | ActiveRecord: 0.0ms)


  [1m[36mActiveRecord::SchemaMigration Load (0.1ms)[0m  [1m[34mSELECT "schema_migrations".* FROM "schema_migrations"[0m
  [1m[36mActiveRecord::InternalMetadata Load (0.1ms)[0m  [1m[34mSELECT  "ar_internal_metadata".* FROM "ar_internal_metadata" WHERE "ar_internal_metadata"."key" = ? LIMIT ?[0m  [["key", :environment], ["LIMIT", 1]]
  [1m[35m (0.1ms)[0m  [1m[36mbegin transaction[0m
  [1m[35m (0.0ms)[0m  [1m[36mcommit transaction[0m
  [1m[36mActiveRecord::SchemaMigration Load (0.0ms)[0m  [1m[34mSELECT "schema_migrations".* FROM "schema_migrations"[0m
Started GET "/practitioners/new" for ::1 at 2017-04-06 09:19:02 -0500
  [1m[36mActiveRecord::SchemaMigration Load (0.1ms)[0m  [1m[34mSELECT "schema_migrations".* FROM "schema_migrations"[0m
Processing by PractitionersController#new as HTML
  Rendering practitioners/new.html.erb within layouts/application
  Rendered practitioners/_form.html.erb (15.2ms)
  Rendered practitioners/new.html.erb within layouts/application (17.0ms)
Completed 200 OK in 202ms (Views: 177.8ms | ActiveRecord: 0.5ms)


  [1m[36mActiveRecord::SchemaMigration Load (0.1ms)[0m  [1m[34mSELECT "schema_migrations".* FROM "schema_migrations"[0m
  [1m[36mActiveRecord::InternalMetadata Load (0.1ms)[0m  [1m[34mSELECT  "ar_internal_metadata".* FROM "ar_internal_metadata" WHERE "ar_internal_metadata"."key" = ? LIMIT ?[0m  [["key", :environment], ["LIMIT", 1]]
  [1m[35m (0.1ms)[0m  [1m[36mbegin transaction[0m
  [1m[35m (0.1ms)[0m  [1m[36mcommit transaction[0m
  [1m[36mActiveRecord::SchemaMigration Load (0.0ms)[0m  [1m[34mSELECT "schema_migrations".* FROM "schema_migrations"[0m
  [1m[36mActiveRecord::SchemaMigration Load (0.1ms)[0m  [1m[34mSELECT "schema_migrations".* FROM "schema_migrations"[0m
  [1m[36mActiveRecord::InternalMetadata Load (0.1ms)[0m  [1m[34mSELECT  "ar_internal_metadata".* FROM "ar_internal_metadata" WHERE "ar_internal_metadata"."key" = ? LIMIT ?[0m  [["key", :environment], ["LIMIT", 1]]
  [1m[35m (0.1ms)[0m  [1m[36mbegin transaction[0m
  [1m[35m (0.0ms)[0m  [1m[36mcommit transaction[0m
  [1m[36mActiveRecord::SchemaMigration Load (0.0ms)[0m  [1m[34mSELECT "schema_migrations".* FROM "schema_migrations"[0m
Started GET "/practitioners/new" for ::1 at 2017-04-06 09:22:48 -0500
  [1m[36mActiveRecord::SchemaMigration Load (0.1ms)[0m  [1m[34mSELECT "schema_migrations".* FROM "schema_migrations"[0m
  
ActionController::RoutingError (No route matches [GET] "/practitioners/new"):
  
actionpack (5.0.2) lib/action_dispatch/middleware/debug_exceptions.rb:53:in `call'
web-console (3.5.0) lib/web_console/middleware.rb:135:in `call_app'
web-console (3.5.0) lib/web_console/middleware.rb:28:in `block in call'
web-console (3.5.0) lib/web_console/middleware.rb:18:in `catch'
web-console (3.5.0) lib/web_console/middleware.rb:18:in `call'
actionpack (5.0.2) lib/action_dispatch/middleware/show_exceptions.rb:31:in `call'
railties (5.0.2) lib/rails/rack/logger.rb:36:in `call_app'
railties (5.0.2) lib/rails/rack/logger.rb:24:in `block in call'
activesupport (5.0.2) lib/active_support/tagged_logging.rb:69:in `block in tagged'
activesupport (5.0.2) lib/active_support/tagged_logging.rb:26:in `tagged'
activesupport (5.0.2) lib/active_support/tagged_logging.rb:69:in `tagged'
railties (5.0.2) lib/rails/rack/logger.rb:24:in `call'
sprockets-rails (3.2.0) lib/sprockets/rails/quiet_assets.rb:13:in `call'
actionpack (5.0.2) lib/action_dispatch/middleware/request_id.rb:24:in `call'
rack (2.0.1) lib/rack/method_override.rb:22:in `call'
rack (2.0.1) lib/rack/runtime.rb:22:in `call'
activesupport (5.0.2) lib/active_support/cache/strategy/local_cache_middleware.rb:28:in `call'
actionpack (5.0.2) lib/action_dispatch/middleware/executor.rb:12:in `call'
actionpack (5.0.2) lib/action_dispatch/middleware/static.rb:136:in `call'
rack (2.0.1) lib/rack/sendfile.rb:111:in `call'
railties (5.0.2) lib/rails/engine.rb:522:in `call'
puma (3.8.2) lib/puma/configuration.rb:224:in `call'
puma (3.8.2) lib/puma/server.rb:600:in `handle_request'
puma (3.8.2) lib/puma/server.rb:435:in `process_client'
puma (3.8.2) lib/puma/server.rb:299:in `block in run'
puma (3.8.2) lib/puma/thread_pool.rb:120:in `block in spawn_thread'
  Rendering /home/aaron/.gem/ruby/2.4.0/gems/actionpack-5.0.2/lib/action_dispatch/middleware/templates/rescues/routing_error.html.erb within rescues/layout
  Rendering /home/aaron/.gem/ruby/2.4.0/gems/actionpack-5.0.2/lib/action_dispatch/middleware/templates/rescues/_trace.html.erb
  Rendered /home/aaron/.gem/ruby/2.4.0/gems/actionpack-5.0.2/lib/action_dispatch/middleware/templates/rescues/_trace.html.erb (1.0ms)
  Rendered collection of /home/aaron/.gem/ruby/2.4.0/gems/actionpack-5.0.2/lib/action_dispatch/middleware/templates/routes/_route.html.erb [8 times] (3.7ms)
  Rendered /home/aaron/.gem/ruby/2.4.0/gems/actionpack-5.0.2/lib/action_dispatch/middleware/templates/routes/_table.html.erb (4.7ms)
  Rendering /home/aaron/.gem/ruby/2.4.0/gems/actionpack-5.0.2/lib/action_dispatch/middleware/templates/rescues/_request_and_response.html.erb
  Rendered /home/aaron/.gem/ruby/2.4.0/gems/actionpack-5.0.2/lib/action_dispatch/middleware/templates/rescues/_request_and_response.html.erb (7.2ms)
  Rendered /home/aaron/.gem/ruby/2.4.0/gems/actionpack-5.0.2/lib/action_dispatch/middleware/templates/rescues/routing_error.html.erb within rescues/layout (37.1ms)
  [1m[36mActiveRecord::SchemaMigration Load (0.1ms)[0m  [1m[34mSELECT "schema_migrations".* FROM "schema_migrations"[0m
Migrating to CreatePractitioners (20170406142530)
  [1m[35m (0.1ms)[0m  [1m[36mbegin transaction[0m
  [1m[35m (0.2ms)[0m  [1m[35mCREATE TABLE "practitioners" ("id" INTEGER PRIMARY KEY AUTOINCREMENT NOT NULL, "name" varchar, "company" varchar, "title" varchar, "won" boolean, "present" boolean, "created_at" datetime NOT NULL, "updated_at" datetime NOT NULL)[0m
  [1m[35m (0.1ms)[0m  [1m[31mrollback transaction[0m
  [1m[36mActiveRecord::SchemaMigration Load (0.1ms)[0m  [1m[34mSELECT "schema_migrations".* FROM "schema_migrations"[0m
Migrating to CreatePractitioners (20170406142530)
  [1m[36mActiveRecord::SchemaMigration Load (0.1ms)[0m  [1m[34mSELECT "schema_migrations".* FROM "schema_migrations"[0m
Migrating to CreatePractitioners (20170406142530)
  [1m[35m (0.1ms)[0m  [1m[36mbegin transaction[0m
  [1m[35m (0.9ms)[0m  [1m[35mDROP TABLE "practitioners"[0m
  [1m[35m (0.2ms)[0m  [1m[35mCREATE TABLE "practitioners" ("id" INTEGER PRIMARY KEY AUTOINCREMENT NOT NULL, "name" varchar, "company" varchar, "title" varchar, "won" boolean, "present" boolean, "created_at" datetime NOT NULL, "updated_at" datetime NOT NULL)[0m
  [1m[35mSQL (0.2ms)[0m  [1m[32mINSERT INTO "schema_migrations" ("version") VALUES (?)[0m  [["version", "20170406142530"]]
  [1m[35m (6.4ms)[0m  [1m[36mcommit transaction[0m
  [1m[36mActiveRecord::InternalMetadata Load (0.1ms)[0m  [1m[34mSELECT  "ar_internal_metadata".* FROM "ar_internal_metadata" WHERE "ar_internal_metadata"."key" = ? LIMIT ?[0m  [["key", :environment], ["LIMIT", 1]]
  [1m[35m (0.1ms)[0m  [1m[36mbegin transaction[0m
  [1m[35m (0.1ms)[0m  [1m[36mcommit transaction[0m
  [1m[36mActiveRecord::SchemaMigration Load (0.1ms)[0m  [1m[34mSELECT "schema_migrations".* FROM "schema_migrations"[0m
Started GET "/practitioners/new" for ::1 at 2017-04-06 09:28:44 -0500
  [1m[36mActiveRecord::SchemaMigration Load (0.1ms)[0m  [1m[34mSELECT "schema_migrations".* FROM "schema_migrations"[0m
Processing by PractitionersController#new as HTML
  Rendering practitioners/new.html.erb within layouts/application
  Rendered practitioners/_form.html.erb (14.8ms)
  Rendered practitioners/new.html.erb within layouts/application (16.3ms)
Completed 200 OK in 205ms (Views: 181.0ms | ActiveRecord: 0.5ms)


  [1m[36mActiveRecord::SchemaMigration Load (0.2ms)[0m  [1m[34mSELECT "schema_migrations".* FROM "schema_migrations"[0m
  [1m[36mActiveRecord::InternalMetadata Load (0.1ms)[0m  [1m[34mSELECT  "ar_internal_metadata".* FROM "ar_internal_metadata" WHERE "ar_internal_metadata"."key" = ? LIMIT ?[0m  [["key", :environment], ["LIMIT", 1]]
  [1m[35m (0.1ms)[0m  [1m[36mbegin transaction[0m
  [1m[35m (0.1ms)[0m  [1m[36mcommit transaction[0m
  [1m[36mActiveRecord::SchemaMigration Load (0.0ms)[0m  [1m[34mSELECT "schema_migrations".* FROM "schema_migrations"[0m
Started GET "/" for ::1 at 2017-04-06 09:37:38 -0500
  [1m[36mActiveRecord::SchemaMigration Load (0.1ms)[0m  [1m[34mSELECT "schema_migrations".* FROM "schema_migrations"[0m
Processing by StaticpageController#home as HTML
  Rendering staticpage/home.html.erb within layouts/application
  Rendered staticpage/home.html.erb within layouts/application (0.8ms)
Completed 200 OK in 300ms (Views: 288.2ms | ActiveRecord: 0.0ms)


Started GET "/" for ::1 at 2017-04-06 09:52:47 -0500
  [1m[36mActiveRecord::SchemaMigration Load (0.2ms)[0m  [1m[34mSELECT "schema_migrations".* FROM "schema_migrations"[0m
Processing by StaticpageController#home as HTML
  Rendering staticpage/home.html.erb within layouts/application
  Rendered staticpage/home.html.erb within layouts/application (0.9ms)
Completed 200 OK in 174ms (Views: 163.0ms | ActiveRecord: 0.0ms)


Started GET "/" for ::1 at 2017-04-06 09:52:50 -0500
Processing by StaticpageController#home as HTML
  Rendering staticpage/home.html.erb within layouts/application
  Rendered staticpage/home.html.erb within layouts/application (0.4ms)
Completed 200 OK in 28ms (Views: 27.0ms | ActiveRecord: 0.0ms)


Started GET "/" for ::1 at 2017-04-06 09:52:51 -0500
Processing by StaticpageController#home as HTML
  Rendering staticpage/home.html.erb within layouts/application
  Rendered staticpage/home.html.erb within layouts/application (0.4ms)
Completed 200 OK in 20ms (Views: 19.1ms | ActiveRecord: 0.0ms)


Started GET "/" for ::1 at 2017-04-06 09:52:52 -0500
Processing by StaticpageController#home as HTML
  Rendering staticpage/home.html.erb within layouts/application
  Rendered staticpage/home.html.erb within layouts/application (0.5ms)
Completed 200 OK in 39ms (Views: 37.3ms | ActiveRecord: 0.0ms)


Started GET "/" for ::1 at 2017-04-06 09:54:43 -0500
  [1m[36mActiveRecord::SchemaMigration Load (0.2ms)[0m  [1m[34mSELECT "schema_migrations".* FROM "schema_migrations"[0m
Processing by StaticpageController#home as HTML
  Rendering staticpage/home.html.erb within layouts/application
  Rendered staticpage/home.html.erb within layouts/application (0.9ms)
Completed 200 OK in 172ms (Views: 163.9ms | ActiveRecord: 0.0ms)


Started GET "/sim_raffle" for ::1 at 2017-04-06 09:54:44 -0500
Processing by StaticpageController#sim_raffle as HTML
  Rendering staticpage/sim_raffle.html.erb within layouts/application
  Rendered staticpage/sim_raffle.html.erb within layouts/application (0.4ms)
Completed 200 OK in 25ms (Views: 24.2ms | ActiveRecord: 0.0ms)


Started GET "/" for ::1 at 2017-04-06 09:54:45 -0500
Processing by StaticpageController#home as HTML
  Rendering staticpage/home.html.erb within layouts/application
  Rendered staticpage/home.html.erb within layouts/application (0.4ms)
Completed 200 OK in 34ms (Views: 33.0ms | ActiveRecord: 0.0ms)


Started GET "/cio_raffle" for ::1 at 2017-04-06 09:54:48 -0500
Processing by StaticpageController#cio_raffle as HTML
  Rendering staticpage/cio_raffle.html.erb within layouts/application
  Rendered staticpage/cio_raffle.html.erb within layouts/application (0.4ms)
Completed 200 OK in 31ms (Views: 30.1ms | ActiveRecord: 0.0ms)


Started GET "/sim_raffle" for ::1 at 2017-04-06 09:54:49 -0500
Processing by StaticpageController#sim_raffle as HTML
  Rendering staticpage/sim_raffle.html.erb within layouts/application
  Rendered staticpage/sim_raffle.html.erb within layouts/application (0.9ms)
Completed 200 OK in 46ms (Views: 44.3ms | ActiveRecord: 0.0ms)


Started GET "/" for ::1 at 2017-04-06 09:54:51 -0500
Processing by StaticpageController#home as HTML
  Rendering staticpage/home.html.erb within layouts/application
  Rendered staticpage/home.html.erb within layouts/application (0.4ms)
Completed 200 OK in 40ms (Views: 38.6ms | ActiveRecord: 0.0ms)


Started GET "/" for ::1 at 2017-04-06 09:56:37 -0500
  [1m[36mActiveRecord::SchemaMigration Load (0.2ms)[0m  [1m[34mSELECT "schema_migrations".* FROM "schema_migrations"[0m
Processing by StaticpageController#home as HTML
  Rendering staticpage/home.html.erb within layouts/application
  Rendered staticpage/home.html.erb within layouts/application (0.9ms)
Completed 200 OK in 174ms (Views: 161.3ms | ActiveRecord: 0.0ms)


Started GET "/cio_raffle" for ::1 at 2017-04-06 09:56:38 -0500
Processing by StaticpageController#cio_raffle as HTML
  Rendering staticpage/cio_raffle.html.erb within layouts/application
  Rendered staticpage/cio_raffle.html.erb within layouts/application (0.5ms)
Completed 200 OK in 26ms (Views: 24.3ms | ActiveRecord: 0.0ms)


Started GET "/" for ::1 at 2017-04-06 09:57:32 -0500
  [1m[36mActiveRecord::SchemaMigration Load (0.1ms)[0m  [1m[34mSELECT "schema_migrations".* FROM "schema_migrations"[0m
Processing by StaticpageController#home as HTML
  Rendering staticpage/home.html.erb within layouts/application
  Rendered staticpage/home.html.erb within layouts/application (1.3ms)
Completed 200 OK in 156ms (Views: 148.4ms | ActiveRecord: 0.0ms)


Started GET "/cio_raffle" for ::1 at 2017-04-06 09:57:35 -0500
Processing by StaticpageController#cio_raffle as HTML
  Rendering staticpage/cio_raffle.html.erb within layouts/application
  Rendered staticpage/cio_raffle.html.erb within layouts/application (0.5ms)
Completed 200 OK in 35ms (Views: 34.2ms | ActiveRecord: 0.0ms)


Started GET "/sim_raffle" for ::1 at 2017-04-06 09:57:36 -0500
Processing by StaticpageController#sim_raffle as HTML
  Rendering staticpage/sim_raffle.html.erb within layouts/application
  Rendered staticpage/sim_raffle.html.erb within layouts/application (0.5ms)
Completed 200 OK in 28ms (Views: 27.0ms | ActiveRecord: 0.0ms)


Started GET "/sim_raffle" for ::1 at 2017-04-06 10:00:28 -0500
  [1m[36mActiveRecord::SchemaMigration Load (0.2ms)[0m  [1m[34mSELECT "schema_migrations".* FROM "schema_migrations"[0m
Processing by StaticpageController#sim_raffle as HTML
  Rendering staticpage/sim_raffle.html.erb within layouts/application
  Rendered staticpage/sim_raffle.html.erb within layouts/application (0.9ms)
Completed 200 OK in 181ms (Views: 169.5ms | ActiveRecord: 0.0ms)


Started GET "/sim_raffle" for ::1 at 2017-04-06 10:01:06 -0500
  [1m[36mActiveRecord::SchemaMigration Load (0.1ms)[0m  [1m[34mSELECT "schema_migrations".* FROM "schema_migrations"[0m
Processing by StaticpageController#sim_raffle as HTML
  Rendering staticpage/sim_raffle.html.erb within layouts/application
  Rendered staticpage/sim_raffle.html.erb within layouts/application (0.9ms)
Completed 200 OK in 173ms (Views: 161.4ms | ActiveRecord: 0.0ms)


Started GET "/" for ::1 at 2017-04-06 10:01:07 -0500
Processing by StaticpageController#home as HTML
  Rendering staticpage/home.html.erb within layouts/application
  Rendered staticpage/home.html.erb within layouts/application (0.4ms)
Completed 200 OK in 25ms (Views: 24.2ms | ActiveRecord: 0.0ms)


Started GET "/cio_raffle" for ::1 at 2017-04-06 10:01:08 -0500
Processing by StaticpageController#cio_raffle as HTML
  Rendering staticpage/cio_raffle.html.erb within layouts/application
  Rendered staticpage/cio_raffle.html.erb within layouts/application (0.5ms)
Completed 200 OK in 29ms (Views: 27.9ms | ActiveRecord: 0.0ms)


Started GET "/sim_raffle" for ::1 at 2017-04-06 10:01:09 -0500
Processing by StaticpageController#sim_raffle as HTML
  Rendering staticpage/sim_raffle.html.erb within layouts/application
  Rendered staticpage/sim_raffle.html.erb within layouts/application (0.5ms)
Completed 200 OK in 38ms (Views: 36.7ms | ActiveRecord: 0.0ms)


Started GET "/" for ::1 at 2017-04-06 10:01:10 -0500
Processing by StaticpageController#home as HTML
  Rendering staticpage/home.html.erb within layouts/application
  Rendered staticpage/home.html.erb within layouts/application (0.9ms)
Completed 200 OK in 42ms (Views: 41.4ms | ActiveRecord: 0.0ms)


Started GET "/cio_raffle" for ::1 at 2017-04-06 10:01:11 -0500
Processing by StaticpageController#cio_raffle as HTML
  Rendering staticpage/cio_raffle.html.erb within layouts/application
  Rendered staticpage/cio_raffle.html.erb within layouts/application (0.6ms)
Completed 200 OK in 41ms (Views: 39.9ms | ActiveRecord: 0.0ms)


Started GET "/sim_raffle" for ::1 at 2017-04-06 10:01:12 -0500
Processing by StaticpageController#sim_raffle as HTML
  Rendering staticpage/sim_raffle.html.erb within layouts/application
  Rendered staticpage/sim_raffle.html.erb within layouts/application (0.6ms)
Completed 200 OK in 43ms (Views: 41.7ms | ActiveRecord: 0.0ms)


  [1m[36mActiveRecord::SchemaMigration Load (0.1ms)[0m  [1m[34mSELECT "schema_migrations".* FROM "schema_migrations"[0m
  [1m[36mActiveRecord::InternalMetadata Load (0.1ms)[0m  [1m[34mSELECT  "ar_internal_metadata".* FROM "ar_internal_metadata" WHERE "ar_internal_metadata"."key" = ? LIMIT ?[0m  [["key", :environment], ["LIMIT", 1]]
  [1m[35m (0.1ms)[0m  [1m[36mbegin transaction[0m
  [1m[35m (0.0ms)[0m  [1m[36mcommit transaction[0m
  [1m[36mActiveRecord::SchemaMigration Load (0.0ms)[0m  [1m[34mSELECT "schema_migrations".* FROM "schema_migrations"[0m
Started GET "/" for ::1 at 2017-04-06 10:06:10 -0500
  [1m[36mActiveRecord::SchemaMigration Load (0.2ms)[0m  [1m[34mSELECT "schema_migrations".* FROM "schema_migrations"[0m
Processing by StaticpageController#home as HTML
  Rendering staticpage/home.html.erb within layouts/application
  Rendered staticpage/home.html.erb within layouts/application (0.9ms)
Completed 200 OK in 182ms (Views: 170.3ms | ActiveRecord: 0.0ms)


Started GET "/" for ::1 at 2017-04-06 10:07:37 -0500
  [1m[36mActiveRecord::SchemaMigration Load (0.1ms)[0m  [1m[34mSELECT "schema_migrations".* FROM "schema_migrations"[0m
Processing by StaticpageController#home as HTML
  Rendering staticpage/home.html.erb within layouts/application
  Rendered staticpage/home.html.erb within layouts/application (0.8ms)
Completed 500 Internal Server Error in 196ms (ActiveRecord: 0.0ms)


  
ActionView::Template::Error (undefined local variable or method `config_path' for #<#<Class:0x00000003aeedd8>:0x00000003ae93b0>
Did you mean?  config):
     7:             <li><%= link_to "Home", root_path  %></li>
     8:             <li><%= link_to "CIO Raffle", cio_raffle_path  %></li>
     9:             <li><%= link_to "SIM Raffle", sim_raffle_path  %></li>
    10:             <li><%= link_to "Config", config_path %>
    11:                  <ul>
    12:                         <li><%= link_to "Configure Practitioners", '#' %></li>
    13:                         <li><%= link_to "Configure Sponsors", '#' %></li>
  
app/views/layouts/application.html.erb:10:in `_app_views_layouts_application_html_erb__3185496540845177404_30702700'
  Rendering /home/aaron/.gem/ruby/2.4.0/gems/actionpack-5.0.2/lib/action_dispatch/middleware/templates/rescues/template_error.html.erb within rescues/layout
  Rendering /home/aaron/.gem/ruby/2.4.0/gems/actionpack-5.0.2/lib/action_dispatch/middleware/templates/rescues/_source.html.erb
  Rendered /home/aaron/.gem/ruby/2.4.0/gems/actionpack-5.0.2/lib/action_dispatch/middleware/templates/rescues/_source.html.erb (13.0ms)
  Rendering /home/aaron/.gem/ruby/2.4.0/gems/actionpack-5.0.2/lib/action_dispatch/middleware/templates/rescues/_trace.html.erb
  Rendered /home/aaron/.gem/ruby/2.4.0/gems/actionpack-5.0.2/lib/action_dispatch/middleware/templates/rescues/_trace.html.erb (1.6ms)
  Rendering /home/aaron/.gem/ruby/2.4.0/gems/actionpack-5.0.2/lib/action_dispatch/middleware/templates/rescues/_request_and_response.html.erb
  Rendered /home/aaron/.gem/ruby/2.4.0/gems/actionpack-5.0.2/lib/action_dispatch/middleware/templates/rescues/_request_and_response.html.erb (0.7ms)
  Rendered /home/aaron/.gem/ruby/2.4.0/gems/actionpack-5.0.2/lib/action_dispatch/middleware/templates/rescues/template_error.html.erb within rescues/layout (32.9ms)
Started GET "/" for ::1 at 2017-04-06 10:08:28 -0500
  [1m[36mActiveRecord::SchemaMigration Load (0.2ms)[0m  [1m[34mSELECT "schema_migrations".* FROM "schema_migrations"[0m
Processing by StaticpageController#home as HTML
  Rendering staticpage/home.html.erb within layouts/application
  Rendered staticpage/home.html.erb within layouts/application (0.8ms)
Completed 200 OK in 185ms (Views: 173.3ms | ActiveRecord: 0.0ms)


Started GET "/config" for ::1 at 2017-04-06 10:08:31 -0500
Processing by StaticpageController#config as HTML
  Rendering staticpage/config.html.erb within layouts/application
  Rendered staticpage/config.html.erb within layouts/application (0.4ms)
Completed 200 OK in 26ms (Views: 25.1ms | ActiveRecord: 0.0ms)


Started GET "/config" for ::1 at 2017-04-06 10:17:57 -0500
  [1m[36mActiveRecord::SchemaMigration Load (0.1ms)[0m  [1m[34mSELECT "schema_migrations".* FROM "schema_migrations"[0m
Processing by StaticpageController#config as HTML
  Rendering staticpage/config.html.erb within layouts/application
  Rendered staticpage/config.html.erb within layouts/application (1.2ms)
Completed 200 OK in 163ms (Views: 155.3ms | ActiveRecord: 0.0ms)


Started GET "/" for ::1 at 2017-04-06 10:17:59 -0500
Processing by StaticpageController#home as HTML
  Rendering staticpage/home.html.erb within layouts/application
  Rendered staticpage/home.html.erb within layouts/application (0.4ms)
Completed 200 OK in 23ms (Views: 21.6ms | ActiveRecord: 0.0ms)


Started GET "/practitioners" for ::1 at 2017-04-06 10:18:01 -0500
Processing by PractitionersController#index as HTML
  Rendering practitioners/index.html.erb within layouts/application
  [1m[36mPractitioner Load (0.4ms)[0m  [1m[34mSELECT "practitioners".* FROM "practitioners"[0m
  Rendered practitioners/index.html.erb within layouts/application (3.5ms)
Completed 200 OK in 32ms (Views: 25.3ms | ActiveRecord: 0.8ms)


Started GET "/sponsors" for ::1 at 2017-04-06 10:18:02 -0500
Processing by SponsorsController#index as HTML
  Rendering sponsors/index.html.erb within layouts/application
  [1m[36mSponsor Load (0.2ms)[0m  [1m[34mSELECT "sponsors".* FROM "sponsors"[0m
  Rendered sponsors/index.html.erb within layouts/application (2.1ms)
Completed 200 OK in 26ms (Views: 21.3ms | ActiveRecord: 0.4ms)


Started GET "/practitioners" for ::1 at 2017-04-06 10:18:04 -0500
Processing by PractitionersController#index as HTML
  Rendering practitioners/index.html.erb within layouts/application
  [1m[36mPractitioner Load (0.1ms)[0m  [1m[34mSELECT "practitioners".* FROM "practitioners"[0m
  Rendered practitioners/index.html.erb within layouts/application (1.8ms)
Completed 200 OK in 41ms (Views: 39.3ms | ActiveRecord: 0.1ms)


Started GET "/sponsors" for ::1 at 2017-04-06 10:18:05 -0500
Processing by SponsorsController#index as HTML
  Rendering sponsors/index.html.erb within layouts/application
  [1m[36mSponsor Load (0.2ms)[0m  [1m[34mSELECT "sponsors".* FROM "sponsors"[0m
  Rendered sponsors/index.html.erb within layouts/application (1.6ms)
Completed 200 OK in 47ms (Views: 45.7ms | ActiveRecord: 0.2ms)


Started GET "/sponsors" for ::1 at 2017-04-06 10:18:08 -0500
Processing by SponsorsController#index as HTML
  Rendering sponsors/index.html.erb within layouts/application
  [1m[36mSponsor Load (0.2ms)[0m  [1m[34mSELECT "sponsors".* FROM "sponsors"[0m
  Rendered sponsors/index.html.erb within layouts/application (1.9ms)
Completed 200 OK in 45ms (Views: 43.2ms | ActiveRecord: 0.2ms)


Started GET "/practitioners" for ::1 at 2017-04-06 10:18:09 -0500
Processing by PractitionersController#index as HTML
  Rendering practitioners/index.html.erb within layouts/application
  [1m[36mPractitioner Load (0.2ms)[0m  [1m[34mSELECT "practitioners".* FROM "practitioners"[0m
  Rendered practitioners/index.html.erb within layouts/application (1.7ms)
Completed 200 OK in 40ms (Views: 38.2ms | ActiveRecord: 0.2ms)


Started GET "/sponsors" for ::1 at 2017-04-06 10:18:10 -0500
Processing by SponsorsController#index as HTML
  Rendering sponsors/index.html.erb within layouts/application
  [1m[36mSponsor Load (0.2ms)[0m  [1m[34mSELECT "sponsors".* FROM "sponsors"[0m
  Rendered sponsors/index.html.erb within layouts/application (2.1ms)
Completed 200 OK in 52ms (Views: 50.2ms | ActiveRecord: 0.2ms)


